<?xml version="1.0" encoding="UTF-8"?>
<!-- Generated by org.testng.reporters.JUnitReportReporter -->
<testsuite hostname="RAJUPM" failures="0" tests="1" name="testcases.TClogintest_001" time="4.280" errors="0" timestamp="27 Nov 2023 07:09:57 GMT" skipped="0">
  <testcase classname="testcases.TClogintest_001" name="logintest" time="4.280"/>
</testsuite> <!-- testcases.TClogintest_001 -->
