<?xml version="1.0" encoding="UTF-8"?>
<!-- Generated by org.testng.reporters.JUnitReportReporter -->
<testsuite hostname="DESKTOP-HGCRV7F" failures="0" tests="1" name="pageobjects.Baseclass" time="2.579" errors="0" timestamp="11 Jun 2023 10:26:57 GMT" skipped="0">
  <testcase classname="pageobjects.Baseclass" name="setup" time="2.579"/>
</testsuite> <!-- pageobjects.Baseclass -->
