<?xml version="1.0" encoding="UTF-8"?>
<!-- Generated by org.testng.reporters.JUnitReportReporter -->
<testsuite hostname="RAJUPM" failures="0" tests="1" name="testcases.TClogintest_001" time="3.969" errors="0" timestamp="29 Oct 2023 14:21:20 GMT" skipped="0">
  <testcase classname="testcases.TClogintest_001" name="logintest" time="3.969"/>
</testsuite> <!-- testcases.TClogintest_001 -->
