<?xml version="1.0" encoding="UTF-8"?>
<!-- Generated by org.testng.reporters.JUnitReportReporter -->
<testsuite skipped="0" hostname="RAJUPM" name="testcases.TClogintest_001" tests="1" failures="0" timestamp="27 Nov 2023 08:32:10 GMT" time="2.211" errors="0">
  <testcase name="logintest" time="2.211" classname="testcases.TClogintest_001"/>
</testsuite> <!-- testcases.TClogintest_001 -->
